<?xml version="1.0" encoding="UTF-8"?>
<!-- Generated by org.testng.reporters.JUnitReportReporter -->
<testsuite hostname="LAPTOP-LQMIT81G" failures="0" tests="6" name="CucumberOptions.TestRunner" time="65.667" errors="0" timestamp="2024-05-14T15:27:34 EDT" skipped="0">
  <testcase classname="CucumberOptions.TestRunner" name="runScenario" time="10.902"/>
  <testcase classname="CucumberOptions.TestRunner" name="runScenario" time="11.014"/>
  <testcase classname="CucumberOptions.TestRunner" name="runScenario" time="10.981"/>
  <testcase classname="CucumberOptions.TestRunner" name="runScenario" time="11.073"/>
  <testcase classname="CucumberOptions.TestRunner" name="runScenario" time="10.827"/>
  <testcase classname="CucumberOptions.TestRunner" name="runScenario" time="10.870"/>
</testsuite> <!-- CucumberOptions.TestRunner -->
