<?xml version="1.0" encoding="UTF-8"?>
<!-- Generated by org.testng.reporters.JUnitReportReporter -->
<testsuite hostname="LAPTOP-LQMIT81G" failures="0" tests="4" name="CucumberOptions.TestRunner" time="26.589" errors="0" timestamp="2024-05-20T23:17:51 EDT" skipped="0">
  <testcase classname="CucumberOptions.TestRunner" name="runScenario" time="6.399"/>
  <testcase classname="CucumberOptions.TestRunner" name="runScenario" time="6.816"/>
  <testcase classname="CucumberOptions.TestRunner" name="runScenario" time="7.395"/>
  <testcase classname="CucumberOptions.TestRunner" name="runScenario" time="5.979"/>
</testsuite> <!-- CucumberOptions.TestRunner -->
