<?xml version="1.0" encoding="UTF-8"?>
<!-- Generated by org.testng.reporters.JUnitReportReporter -->
<testsuite hostname="LAPTOP-LQMIT81G" failures="0" tests="23" name="CucumberOptions.TestRunner" time="547.599" errors="0" timestamp="2024-05-23T17:13:04 EDT" skipped="0">
  <testcase classname="CucumberOptions.TestRunner" name="runScenario" time="34.936"/>
  <testcase classname="CucumberOptions.TestRunner" name="runScenario" time="43.323"/>
  <testcase classname="CucumberOptions.TestRunner" name="runScenario" time="38.139"/>
  <testcase classname="CucumberOptions.TestRunner" name="runScenario" time="43.533"/>
  <testcase classname="CucumberOptions.TestRunner" name="runScenario" time="8.350"/>
  <testcase classname="CucumberOptions.TestRunner" name="runScenario" time="43.349"/>
  <testcase classname="CucumberOptions.TestRunner" name="runScenario" time="24.675"/>
  <testcase classname="CucumberOptions.TestRunner" name="runScenario" time="34.950"/>
  <testcase classname="CucumberOptions.TestRunner" name="runScenario" time="34.617"/>
  <testcase classname="CucumberOptions.TestRunner" name="runScenario" time="11.425"/>
  <testcase classname="CucumberOptions.TestRunner" name="runScenario" time="11.510"/>
  <testcase classname="CucumberOptions.TestRunner" name="runScenario" time="11.168"/>
  <testcase classname="CucumberOptions.TestRunner" name="runScenario" time="11.492"/>
  <testcase classname="CucumberOptions.TestRunner" name="runScenario" time="43.054"/>
  <testcase classname="CucumberOptions.TestRunner" name="runScenario" time="11.035"/>
  <testcase classname="CucumberOptions.TestRunner" name="runScenario" time="8.685"/>
  <testcase classname="CucumberOptions.TestRunner" name="runScenario" time="11.772"/>
  <testcase classname="CucumberOptions.TestRunner" name="runScenario" time="43.338"/>
  <testcase classname="CucumberOptions.TestRunner" name="runScenario" time="30.154"/>
  <testcase classname="CucumberOptions.TestRunner" name="runScenario" time="9.389"/>
  <testcase classname="CucumberOptions.TestRunner" name="runScenario" time="16.165"/>
  <testcase classname="CucumberOptions.TestRunner" name="runScenario" time="10.984"/>
  <testcase classname="CucumberOptions.TestRunner" name="runScenario" time="11.556"/>
</testsuite> <!-- CucumberOptions.TestRunner -->
