<?xml version="1.0" encoding="UTF-8"?>
<!-- Generated by org.testng.reporters.JUnitReportReporter -->
<testsuite hostname="LAPTOP-FCI6LLQF" failures="0" tests="15" name="CucumberOptions.TestRunner" time="502.942" errors="0" timestamp="2024-05-20T18:45:06 PDT" skipped="0">
  <testcase classname="CucumberOptions.TestRunner" name="runScenario" time="50.031"/>
  <testcase classname="CucumberOptions.TestRunner" name="runScenario" time="16.022"/>
  <testcase classname="CucumberOptions.TestRunner" name="runScenario" time="43.052"/>
  <testcase classname="CucumberOptions.TestRunner" name="runScenario" time="7.522"/>
  <testcase classname="CucumberOptions.TestRunner" name="runScenario" time="15.092"/>
  <testcase classname="CucumberOptions.TestRunner" name="runScenario" time="16.007"/>
  <testcase classname="CucumberOptions.TestRunner" name="runScenario" time="50.021"/>
  <testcase classname="CucumberOptions.TestRunner" name="runScenario" time="34.635"/>
  <testcase classname="CucumberOptions.TestRunner" name="runScenario" time="35.522"/>
  <testcase classname="CucumberOptions.TestRunner" name="runScenario" time="34.604"/>
  <testcase classname="CucumberOptions.TestRunner" name="runScenario" time="7.551"/>
  <testcase classname="CucumberOptions.TestRunner" name="runScenario" time="50.001"/>
  <testcase classname="CucumberOptions.TestRunner" name="runScenario" time="42.969"/>
  <testcase classname="CucumberOptions.TestRunner" name="runScenario" time="49.941"/>
  <testcase classname="CucumberOptions.TestRunner" name="runScenario" time="49.972"/>
</testsuite> <!-- CucumberOptions.TestRunner -->
