<?xml version="1.0" encoding="UTF-8"?>
<!-- Generated by org.testng.reporters.JUnitReportReporter -->
<testsuite hostname="LAPTOP-FCI6LLQF" failures="0" tests="28" name="CucumberOptions.TestRunner" time="933.302" errors="0" timestamp="2024-05-21T04:41:08 PDT" skipped="0">
  <testcase classname="CucumberOptions.TestRunner" name="runScenario" time="5.718"/>
  <testcase classname="CucumberOptions.TestRunner" name="runScenario" time="35.113"/>
  <testcase classname="CucumberOptions.TestRunner" name="runScenario" time="42.697"/>
  <testcase classname="CucumberOptions.TestRunner" name="runScenario" time="61.843"/>
  <testcase classname="CucumberOptions.TestRunner" name="runScenario" time="67.913"/>
  <testcase classname="CucumberOptions.TestRunner" name="runScenario" time="15.742"/>
  <testcase classname="CucumberOptions.TestRunner" name="runScenario" time="20.345"/>
  <testcase classname="CucumberOptions.TestRunner" name="runScenario" time="16.900"/>
  <testcase classname="CucumberOptions.TestRunner" name="runScenario" time="5.478"/>
  <testcase classname="CucumberOptions.TestRunner" name="runScenario" time="21.740"/>
  <testcase classname="CucumberOptions.TestRunner" name="runScenario" time="17.279"/>
  <testcase classname="CucumberOptions.TestRunner" name="runScenario" time="35.052"/>
  <testcase classname="CucumberOptions.TestRunner" name="runScenario" time="41.698"/>
  <testcase classname="CucumberOptions.TestRunner" name="runScenario" time="35.383"/>
  <testcase classname="CucumberOptions.TestRunner" name="runScenario" time="37.819"/>
  <testcase classname="CucumberOptions.TestRunner" name="runScenario" time="35.552"/>
  <testcase classname="CucumberOptions.TestRunner" name="runScenario" time="41.824"/>
  <testcase classname="CucumberOptions.TestRunner" name="runScenario" time="31.740"/>
  <testcase classname="CucumberOptions.TestRunner" name="runScenario" time="62.903"/>
  <testcase classname="CucumberOptions.TestRunner" name="runScenario" time="36.035"/>
  <testcase classname="CucumberOptions.TestRunner" name="runScenario" time="47.736"/>
  <testcase classname="CucumberOptions.TestRunner" name="runScenario" time="41.779"/>
  <testcase classname="CucumberOptions.TestRunner" name="runScenario" time="47.176"/>
  <testcase classname="CucumberOptions.TestRunner" name="runScenario" time="16.085"/>
  <testcase classname="CucumberOptions.TestRunner" name="runScenario" time="15.551"/>
  <testcase classname="CucumberOptions.TestRunner" name="runScenario" time="22.881"/>
  <testcase classname="CucumberOptions.TestRunner" name="runScenario" time="40.932"/>
  <testcase classname="CucumberOptions.TestRunner" name="runScenario" time="32.388"/>
</testsuite> <!-- CucumberOptions.TestRunner -->
